<?xml version="1.0" encoding="UTF-8"?>
<!-- Generated by org.testng.reporters.JUnitReportReporter -->
<testsuite skipped="0" hostname="ga69mlp0001e6" name="tests.LoginTest" tests="3" failures="0" timestamp="07 Feb 2018 06:04:03 GMT" time="28.111" errors="0">
  <testcase name="WeatherTests" time="12.039" classname="tests.LoginTest"/>
  <testcase name="WeatherTests" time="5.944" classname="tests.LoginTest"/>
  <testcase name="WeatherTests" time="10.128" classname="tests.LoginTest"/>
</testsuite> <!-- tests.LoginTest -->
