<?xml version="1.0" encoding="UTF-8"?>
<!-- Generated by org.testng.reporters.JUnitReportReporter -->
<testsuite skipped="0" hostname="ArchanaP.local" name="tests.WeatherTest" tests="3" failures="0" timestamp="07 Feb 2018 16:45:26 GMT" time="31.789" errors="0">
  <testcase name="WeatherTests" time="4.149" classname="tests.WeatherTest"/>
  <testcase name="WeatherTests" time="14.202" classname="tests.WeatherTest"/>
  <testcase name="WeatherTests" time="13.438" classname="tests.WeatherTest"/>
</testsuite> <!-- tests.WeatherTest -->
